2026-01-30 12:15:19.959 [info] [main] Log level: Info
2026-01-30 12:15:19.959 [info] [main] Validating found git in: "git"
2026-01-30 12:15:19.959 [info] [main] Using git "2.52.0" from "git"
2026-01-30 12:15:19.959 [info] [Model][doInitialScan] Initial repository scan started
2026-01-30 12:15:19.959 [info] > git rev-parse --show-toplevel [146ms]
2026-01-30 12:15:19.959 [info] > git rev-parse --git-dir --git-common-dir --show-superproject-working-tree [144ms]
2026-01-30 12:15:19.959 [info] [Model][openRepository] Opened repository (path): /home/mats/projects/cardgame/CardGame
2026-01-30 12:15:19.959 [info] [Model][openRepository] Opened repository (real path): /home/mats/projects/cardgame/CardGame
2026-01-30 12:15:19.959 [info] [Model][openRepository] Opened repository (kind): repository
2026-01-30 12:15:19.961 [info] > git rev-parse --show-toplevel [17ms]
2026-01-30 12:15:19.962 [info] > git config --get commit.template [28ms]
2026-01-30 12:15:20.017 [info] > git rev-parse --show-toplevel [30ms]
2026-01-30 12:15:20.031 [info] > git for-each-ref --format=%(refname)%00%(upstream:short)%00%(objectname)%00%(upstream:track)%00%(upstream:remotename)%00%(upstream:remoteref) refs/heads/main refs/remotes/main [21ms]
2026-01-30 12:15:20.042 [warning] [Git][revParse] Unable to read file: ENOENT: no such file or directory, open '/home/mats/projects/cardgame/CardGame/.git/refs/remotes/origin/main'
2026-01-30 12:15:20.043 [info] > git rev-parse --show-toplevel [13ms]
2026-01-30 12:15:20.045 [info] [Model][doInitialScan] Initial repository scan completed - repositories (1), closed repositories (0), parent repositories (0), unsafe repositories (0)
2026-01-30 12:15:20.047 [info] > git rev-parse refs/remotes/origin/main [5ms]
2026-01-30 12:15:20.073 [info] > git status -z -uall [16ms]
2026-01-30 12:15:20.077 [info] > git for-each-ref --sort -committerdate --format %(refname)%00%(objectname)%00%(*objectname) [7ms]
2026-01-30 12:15:20.112 [info] > git for-each-ref --format=%(refname)%00%(upstream:short)%00%(objectname)%00%(upstream:track)%00%(upstream:remotename)%00%(upstream:remoteref) refs/heads/main refs/remotes/main [15ms]
2026-01-30 12:15:20.133 [info] > git config --get --local branch.main.vscode-merge-base [12ms]
2026-01-30 12:15:20.142 [info] > git config --get commit.template [32ms]
2026-01-30 12:15:20.146 [info] > git for-each-ref --format=%(refname)%00%(upstream:short)%00%(objectname)%00%(upstream:track)%00%(upstream:remotename)%00%(upstream:remoteref) refs/heads/origin/main refs/remotes/origin/main [5ms]
2026-01-30 12:15:20.186 [info] > git merge-base refs/heads/main refs/remotes/origin/main [32ms]
2026-01-30 12:15:20.211 [info] > git diff --raw --numstat --diff-filter=ADMR -z --find-renames=50% e2104edf03cedbb3584ed4d9ddca0a0e96df3ed9...refs/remotes/origin/main -- [16ms]
2026-01-30 12:15:20.211 [info] > git for-each-ref --format=%(refname)%00%(upstream:short)%00%(objectname)%00%(upstream:track)%00%(upstream:remotename)%00%(upstream:remoteref) refs/heads/main refs/remotes/main [26ms]
2026-01-30 12:15:20.274 [warning] [Git][revParse] Unable to read file: ENOENT: no such file or directory, open '/home/mats/projects/cardgame/CardGame/.git/refs/remotes/origin/main'
2026-01-30 12:15:20.297 [info] > git rev-parse refs/remotes/origin/main [23ms]
2026-01-30 12:15:20.578 [info] > git status -z -uall [273ms]
2026-01-30 12:15:20.579 [info] > git for-each-ref --sort -committerdate --format %(refname)%00%(objectname)%00%(*objectname) [264ms]
2026-01-30 12:15:20.586 [info] > git fetch [694ms]
2026-01-30 12:15:20.743 [info] > git check-ignore -v -z --stdin [191ms]
2026-01-30 12:15:20.744 [info] > git check-ignore -v -z --stdin [145ms]
2026-01-30 12:15:20.798 [info] > git config --get commit.template [133ms]
2026-01-30 12:15:20.875 [info] > git show --textconv :src/main/java/com/cardgame/Main.java [58ms]
2026-01-30 12:15:20.875 [info] > git ls-files --stage -- src/main/java/com/cardgame/Main.java [46ms]
2026-01-30 12:15:20.901 [info] > git cat-file -s cd6ec0305c8e1ad49c5dea205cec6d52b2f2d3be [17ms]
2026-01-30 12:15:20.922 [info] > git for-each-ref --format=%(refname)%00%(upstream:short)%00%(objectname)%00%(upstream:track)%00%(upstream:remotename)%00%(upstream:remoteref) refs/heads/main refs/remotes/main [28ms]
2026-01-30 12:15:20.948 [warning] [Git][revParse] Unable to read file: ENOENT: no such file or directory, open '/home/mats/projects/cardgame/CardGame/.git/refs/remotes/origin/main'
2026-01-30 12:15:20.959 [info] > git rev-parse refs/remotes/origin/main [11ms]
2026-01-30 12:15:21.004 [info] > git status -z -uall [35ms]
2026-01-30 12:15:21.004 [info] > git for-each-ref --sort -committerdate --format %(refname)%00%(objectname)%00%(*objectname) [24ms]
2026-01-30 12:15:21.345 [info] > git config --get commit.template [80ms]
2026-01-30 12:15:21.663 [info] > git blame --root --incremental e2104edf03cedbb3584ed4d9ddca0a0e96df3ed9 -- src/main/java/com/cardgame/Main.java [320ms]
2026-01-30 12:15:22.125 [info] > git for-each-ref --format=%(refname)%00%(upstream:short)%00%(objectname)%00%(upstream:track)%00%(upstream:remotename)%00%(upstream:remoteref) refs/heads/main refs/remotes/main [447ms]
2026-01-30 12:15:22.181 [warning] [Git][revParse] Unable to read file: ENOENT: no such file or directory, open '/home/mats/projects/cardgame/CardGame/.git/refs/remotes/origin/main'
2026-01-30 12:15:22.207 [info] > git ls-files --stage -- src/main/java/com/cardgame/Main.java [6ms]
2026-01-30 12:15:22.217 [info] > git rev-parse refs/remotes/origin/main [37ms]
2026-01-30 12:15:22.255 [info] > git status -z -uall [28ms]
2026-01-30 12:15:22.255 [info] > git for-each-ref --sort -committerdate --format %(refname)%00%(objectname)%00%(*objectname) [18ms]
2026-01-30 12:15:22.265 [info] > git cat-file -s cd6ec0305c8e1ad49c5dea205cec6d52b2f2d3be [48ms]
2026-01-30 12:15:22.287 [info] > git show --textconv :src/main/java/com/cardgame/Main.java [2ms]
2026-01-30 12:15:34.986 [info] > git config --get commit.template [14ms]
2026-01-30 12:15:34.987 [info] > git for-each-ref --format=%(refname)%00%(upstream:short)%00%(objectname)%00%(upstream:track)%00%(upstream:remotename)%00%(upstream:remoteref) refs/heads/main refs/remotes/main [2ms]
2026-01-30 12:15:35.006 [warning] [Git][revParse] Unable to read file: ENOENT: no such file or directory, open '/home/mats/projects/cardgame/CardGame/.git/refs/remotes/origin/main'
2026-01-30 12:15:35.009 [info] > git rev-parse refs/remotes/origin/main [3ms]
2026-01-30 12:15:35.041 [info] > git status -z -uall [13ms]
2026-01-30 12:15:35.043 [info] > git for-each-ref --sort -committerdate --format %(refname)%00%(objectname)%00%(*objectname) [2ms]
2026-01-30 12:18:18.638 [info] > git config --get commit.template [14ms]
2026-01-30 12:18:18.639 [info] > git for-each-ref --format=%(refname)%00%(upstream:short)%00%(objectname)%00%(upstream:track)%00%(upstream:remotename)%00%(upstream:remoteref) refs/heads/main refs/remotes/main [4ms]
2026-01-30 12:18:18.650 [warning] [Git][revParse] Unable to read file: ENOENT: no such file or directory, open '/home/mats/projects/cardgame/CardGame/.git/refs/remotes/origin/main'
2026-01-30 12:18:18.651 [info] > git rev-parse refs/remotes/origin/main [1ms]
2026-01-30 12:18:18.672 [info] > git status -z -uall [10ms]
2026-01-30 12:18:18.673 [info] > git for-each-ref --sort -committerdate --format %(refname)%00%(objectname)%00%(*objectname) [2ms]
2026-01-30 12:18:24.870 [info] > git fetch [444ms]
2026-01-30 12:18:24.908 [info] > git config --get commit.template [18ms]
2026-01-30 12:18:24.909 [info] > git for-each-ref --format=%(refname)%00%(upstream:short)%00%(objectname)%00%(upstream:track)%00%(upstream:remotename)%00%(upstream:remoteref) refs/heads/main refs/remotes/main [4ms]
2026-01-30 12:18:24.926 [warning] [Git][revParse] Unable to read file: ENOENT: no such file or directory, open '/home/mats/projects/cardgame/CardGame/.git/refs/remotes/origin/main'
2026-01-30 12:18:24.928 [info] > git rev-parse refs/remotes/origin/main [2ms]
2026-01-30 12:18:24.963 [info] > git status -z -uall [19ms]
2026-01-30 12:18:24.965 [info] > git for-each-ref --sort -committerdate --format %(refname)%00%(objectname)%00%(*objectname) [3ms]
2026-01-30 12:18:56.514 [info] > git config --get commit.template [4ms]
2026-01-30 12:18:56.514 [info] > git ls-files --stage -- src/main/java/com/cardgame/Main.java [20ms]
2026-01-30 12:18:56.556 [info] > git cat-file -s cd6ec0305c8e1ad49c5dea205cec6d52b2f2d3be [25ms]
2026-01-30 12:18:56.559 [info] > git for-each-ref --format=%(refname)%00%(upstream:short)%00%(objectname)%00%(upstream:track)%00%(upstream:remotename)%00%(upstream:remoteref) refs/heads/main refs/remotes/main [6ms]
2026-01-30 12:18:56.577 [warning] [Git][revParse] Unable to read file: ENOENT: no such file or directory, open '/home/mats/projects/cardgame/CardGame/.git/refs/remotes/origin/main'
2026-01-30 12:18:56.604 [info] > git rev-parse refs/remotes/origin/main [27ms]
2026-01-30 12:18:56.644 [info] > git show --textconv :src/main/java/com/cardgame/Main.java [42ms]
2026-01-30 12:18:56.644 [info] > git status -z -uall [19ms]
2026-01-30 12:18:56.647 [info] > git for-each-ref --sort -committerdate --format %(refname)%00%(objectname)%00%(*objectname) [5ms]
2026-01-30 12:23:15.839 [info] > git fetch [424ms]
2026-01-30 12:23:15.860 [info] > git config --get commit.template [11ms]
2026-01-30 12:23:15.860 [info] > git for-each-ref --format=%(refname)%00%(upstream:short)%00%(objectname)%00%(upstream:track)%00%(upstream:remotename)%00%(upstream:remoteref) refs/heads/main refs/remotes/main [2ms]
2026-01-30 12:23:15.873 [warning] [Git][revParse] Unable to read file: ENOENT: no such file or directory, open '/home/mats/projects/cardgame/CardGame/.git/refs/remotes/origin/main'
2026-01-30 12:23:15.875 [info] > git rev-parse refs/remotes/origin/main [2ms]
2026-01-30 12:23:15.900 [info] > git status -z -uall [16ms]
2026-01-30 12:23:15.904 [info] > git for-each-ref --sort -committerdate --format %(refname)%00%(objectname)%00%(*objectname) [5ms]
2026-01-30 12:23:28.759 [info] > git config --get commit.template [3ms]
2026-01-30 12:23:28.788 [info] > git ls-files --stage -- src/main/java/com/cardgame/Main.java [17ms]
2026-01-30 12:23:28.804 [info] > git for-each-ref --format=%(refname)%00%(upstream:short)%00%(objectname)%00%(upstream:track)%00%(upstream:remotename)%00%(upstream:remoteref) refs/heads/main refs/remotes/main [17ms]
2026-01-30 12:23:28.824 [warning] [Git][revParse] Unable to read file: ENOENT: no such file or directory, open '/home/mats/projects/cardgame/CardGame/.git/refs/remotes/origin/main'
2026-01-30 12:23:28.825 [info] > git cat-file -s cd6ec0305c8e1ad49c5dea205cec6d52b2f2d3be [22ms]
2026-01-30 12:23:28.827 [info] > git rev-parse refs/remotes/origin/main [3ms]
2026-01-30 12:23:28.860 [info] > git status -z -uall [18ms]
2026-01-30 12:23:28.876 [info] > git for-each-ref --sort -committerdate --format %(refname)%00%(objectname)%00%(*objectname) [17ms]
2026-01-30 12:23:28.880 [info] > git show --textconv :src/main/java/com/cardgame/Main.java [6ms]
2026-01-30 12:28:07.166 [info] > git fetch [464ms]
2026-01-30 12:28:07.186 [info] > git config --get commit.template [2ms]
2026-01-30 12:28:07.209 [info] > git for-each-ref --format=%(refname)%00%(upstream:short)%00%(objectname)%00%(upstream:track)%00%(upstream:remotename)%00%(upstream:remoteref) refs/heads/main refs/remotes/main [3ms]
2026-01-30 12:28:07.230 [warning] [Git][revParse] Unable to read file: ENOENT: no such file or directory, open '/home/mats/projects/cardgame/CardGame/.git/refs/remotes/origin/main'
2026-01-30 12:28:07.232 [info] > git rev-parse refs/remotes/origin/main [3ms]
2026-01-30 12:28:07.274 [info] > git status -z -uall [22ms]
2026-01-30 12:28:07.276 [info] > git for-each-ref --sort -committerdate --format %(refname)%00%(objectname)%00%(*objectname) [4ms]
2026-01-30 12:31:38.271 [info] > git config --get commit.template [14ms]
2026-01-30 12:31:38.284 [info] > git for-each-ref --format=%(refname)%00%(upstream:short)%00%(objectname)%00%(upstream:track)%00%(upstream:remotename)%00%(upstream:remoteref) refs/heads/main refs/remotes/main [15ms]
2026-01-30 12:31:38.292 [warning] [Git][revParse] Unable to read file: ENOENT: no such file or directory, open '/home/mats/projects/cardgame/CardGame/.git/refs/remotes/origin/main'
2026-01-30 12:31:38.293 [info] > git ls-files --stage -- src/main/java/com/cardgame/Main.java [10ms]
2026-01-30 12:31:38.305 [info] > git rev-parse refs/remotes/origin/main [13ms]
2026-01-30 12:31:38.325 [info] > git status -z -uall [11ms]
2026-01-30 12:31:38.327 [info] > git cat-file -s cd6ec0305c8e1ad49c5dea205cec6d52b2f2d3be [23ms]
2026-01-30 12:31:38.328 [info] > git for-each-ref --sort -committerdate --format %(refname)%00%(objectname)%00%(*objectname) [3ms]
2026-01-30 12:31:38.344 [info] > git show --textconv :src/main/java/com/cardgame/Main.java [2ms]
2026-01-30 12:31:38.650 [info] > git fetch [402ms]
2026-01-30 12:31:38.678 [info] > git config --get commit.template [13ms]
2026-01-30 12:31:38.679 [info] > git for-each-ref --format=%(refname)%00%(upstream:short)%00%(objectname)%00%(upstream:track)%00%(upstream:remotename)%00%(upstream:remoteref) refs/heads/main refs/remotes/main [2ms]
2026-01-30 12:31:38.691 [warning] [Git][revParse] Unable to read file: ENOENT: no such file or directory, open '/home/mats/projects/cardgame/CardGame/.git/refs/remotes/origin/main'
2026-01-30 12:31:38.693 [info] > git rev-parse refs/remotes/origin/main [2ms]
2026-01-30 12:31:38.717 [info] > git status -z -uall [13ms]
2026-01-30 12:31:38.719 [info] > git for-each-ref --sort -committerdate --format %(refname)%00%(objectname)%00%(*objectname) [3ms]
2026-01-30 12:31:40.369 [info] > git ls-files --stage -- src/main/java/com/cardgame/Main.java [2ms]
2026-01-30 12:31:40.384 [info] > git cat-file -s cd6ec0305c8e1ad49c5dea205cec6d52b2f2d3be [2ms]
2026-01-30 12:31:40.406 [info] > git show --textconv :src/main/java/com/cardgame/Main.java [3ms]
2026-01-30 12:31:46.488 [info] > git config --get commit.template [13ms]
2026-01-30 12:31:46.489 [info] > git for-each-ref --format=%(refname)%00%(upstream:short)%00%(objectname)%00%(upstream:track)%00%(upstream:remotename)%00%(upstream:remoteref) refs/heads/main refs/remotes/main [2ms]
2026-01-30 12:31:46.503 [warning] [Git][revParse] Unable to read file: ENOENT: no such file or directory, open '/home/mats/projects/cardgame/CardGame/.git/refs/remotes/origin/main'
2026-01-30 12:31:46.505 [info] > git rev-parse refs/remotes/origin/main [2ms]
2026-01-30 12:31:46.533 [info] > git status -z -uall [15ms]
2026-01-30 12:31:46.535 [info] > git for-each-ref --sort -committerdate --format %(refname)%00%(objectname)%00%(*objectname) [3ms]
2026-01-30 12:35:52.792 [info] > git fetch [421ms]
2026-01-30 12:35:52.834 [info] > git config --get commit.template [23ms]
2026-01-30 12:35:52.836 [info] > git for-each-ref --format=%(refname)%00%(upstream:short)%00%(objectname)%00%(upstream:track)%00%(upstream:remotename)%00%(upstream:remoteref) refs/heads/main refs/remotes/main [4ms]
2026-01-30 12:35:52.856 [warning] [Git][revParse] Unable to read file: ENOENT: no such file or directory, open '/home/mats/projects/cardgame/CardGame/.git/refs/remotes/origin/main'
2026-01-30 12:35:52.860 [info] > git rev-parse refs/remotes/origin/main [4ms]
2026-01-30 12:35:52.903 [info] > git status -z -uall [22ms]
2026-01-30 12:35:52.905 [info] > git for-each-ref --sort -committerdate --format %(refname)%00%(objectname)%00%(*objectname) [3ms]
2026-01-30 12:37:17.223 [info] > git config --get commit.template [14ms]
2026-01-30 12:37:17.235 [info] > git ls-files --stage -- src/main/java/com/cardgame/Main.java [13ms]
2026-01-30 12:37:17.247 [info] > git for-each-ref --format=%(refname)%00%(upstream:short)%00%(objectname)%00%(upstream:track)%00%(upstream:remotename)%00%(upstream:remoteref) refs/heads/main refs/remotes/main [13ms]
2026-01-30 12:37:17.258 [warning] [Git][revParse] Unable to read file: ENOENT: no such file or directory, open '/home/mats/projects/cardgame/CardGame/.git/refs/remotes/origin/main'
2026-01-30 12:37:17.259 [info] > git cat-file -s cd6ec0305c8e1ad49c5dea205cec6d52b2f2d3be [13ms]
2026-01-30 12:37:17.261 [info] > git rev-parse refs/remotes/origin/main [3ms]
2026-01-30 12:37:17.290 [info] > git status -z -uall [16ms]
2026-01-30 12:37:17.305 [info] > git for-each-ref --sort -committerdate --format %(refname)%00%(objectname)%00%(*objectname) [17ms]
2026-01-30 12:37:17.309 [info] > git show --textconv :src/main/java/com/cardgame/Main.java [5ms]
