2026-01-30 11:38:02.757 [info] Reading sessions from keychain...
2026-01-30 11:38:02.757 [info] Getting sessions for all scopes...
2026-01-30 11:38:02.757 [info] Got 0 sessions for ...
2026-01-30 11:38:02.757 [info] Getting sessions for all scopes...
2026-01-30 11:38:02.757 [info] Got 0 sessions for ...
2026-01-30 11:38:02.757 [info] Getting sessions for all scopes...
2026-01-30 11:38:02.757 [info] Got 0 sessions for ...
2026-01-30 11:38:02.757 [info] Getting sessions for all scopes...
2026-01-30 11:38:02.757 [info] Got 0 sessions for ...
2026-01-30 11:38:02.757 [info] Getting sessions for all scopes...
2026-01-30 11:38:02.757 [info] Got 0 sessions for ...
2026-01-30 11:38:02.757 [info] Getting sessions for all scopes...
2026-01-30 11:38:02.757 [info] Got 0 sessions for ...
2026-01-30 11:38:02.757 [info] Getting sessions for all scopes...
2026-01-30 11:38:02.757 [info] Got 0 sessions for ...
2026-01-30 11:38:02.757 [info] Getting sessions for all scopes...
2026-01-30 11:38:02.757 [info] Got 0 sessions for ...
2026-01-30 11:38:02.757 [info] Getting sessions for all scopes...
2026-01-30 11:38:02.757 [info] Got 0 sessions for ...
2026-01-30 11:38:02.774 [info] Getting sessions for all scopes...
2026-01-30 11:38:02.774 [info] Got 0 sessions for ...
2026-01-30 11:38:02.775 [info] Getting sessions for all scopes...
2026-01-30 11:38:02.775 [info] Got 0 sessions for ...
2026-01-30 11:38:02.775 [info] Getting sessions for all scopes...
2026-01-30 11:38:02.775 [info] Got 0 sessions for ...
2026-01-30 11:38:02.775 [info] Getting sessions for all scopes...
2026-01-30 11:38:02.775 [info] Got 0 sessions for ...
2026-01-30 11:38:02.775 [info] Getting sessions for all scopes...
2026-01-30 11:38:02.775 [info] Got 0 sessions for ...
2026-01-30 11:38:02.775 [info] Getting sessions for all scopes...
2026-01-30 11:38:02.775 [info] Got 0 sessions for ...
2026-01-30 11:38:04.165 [info] Getting sessions for all scopes...
2026-01-30 11:38:04.166 [info] Got 0 sessions for ...
2026-01-30 11:38:22.369 [info] Logging in with 'any' account...
2026-01-30 11:38:22.369 [info] Logging in for the following scopes: read:user repo user:email workflow
2026-01-30 11:38:22.471 [info] Trying with local server... (read:user repo user:email workflow)
2026-01-30 11:38:38.554 [info] Exchanging code for token...
2026-01-30 11:38:39.558 [info] Token exchange success!
2026-01-30 11:38:39.560 [info] Getting user info...
2026-01-30 11:38:39.857 [info] Got account info!
2026-01-30 11:38:39.859 [info] Storing 1 sessions...
2026-01-30 11:38:40.215 [info] FetcherService: Electron fetch failed with status: 429 
2026-01-30 11:38:40.215 [info] Unable to resolve optional EDU details. Status: 429 
2026-01-30 11:38:50.562 [info] Reading sessions from keychain...
2026-01-30 11:38:50.562 [info] Stored 1 sessions!
2026-01-30 11:38:50.562 [info] Login success!
2026-01-30 11:38:50.563 [info] Getting sessions for all scopes...
2026-01-30 11:38:50.565 [info] Got stored sessions!
2026-01-30 11:38:50.566 [info] Got 1 verified sessions.
2026-01-30 11:38:50.566 [info] Got 1 sessions for ...
2026-01-30 11:38:50.566 [info] Getting sessions for all scopes...
2026-01-30 11:38:50.566 [info] Got 1 sessions for ...
2026-01-30 11:38:50.568 [info] Getting sessions for all scopes...
2026-01-30 11:38:50.568 [info] Got 1 sessions for ...
2026-01-30 11:38:59.199 [info] Getting sessions for all scopes...
2026-01-30 11:38:59.199 [info] Got 1 sessions for ...
2026-01-30 11:38:59.200 [info] Getting sessions for all scopes...
2026-01-30 11:38:59.200 [info] Got 1 sessions for ...
2026-01-30 11:38:59.479 [info] Getting sessions for read:user,repo,user:email,workflow...
2026-01-30 11:38:59.480 [info] Got 1 sessions for read:user,repo,user:email,workflow...
2026-01-30 11:38:59.507 [info] Getting sessions for all scopes...
2026-01-30 11:38:59.507 [info] Got 1 sessions for ...
2026-01-30 11:38:59.510 [info] Getting sessions for read:user,repo,user:email,workflow...
2026-01-30 11:38:59.510 [info] Got 1 sessions for read:user,repo,user:email,workflow...
2026-01-30 11:38:59.713 [info] Getting sessions for all scopes...
2026-01-30 11:38:59.713 [info] Got 1 sessions for ...
2026-01-30 11:38:59.714 [info] Getting sessions for all scopes...
2026-01-30 11:38:59.714 [info] Got 1 sessions for ...
2026-01-30 11:38:59.722 [info] Getting sessions for read:user,repo,user:email,workflow...
2026-01-30 11:38:59.722 [info] Got 1 sessions for read:user,repo,user:email,workflow...
2026-01-30 11:39:00.581 [info] Getting sessions for all scopes...
2026-01-30 11:39:00.581 [info] Got 1 sessions for ...
2026-01-30 11:39:00.582 [info] Getting sessions for all scopes...
2026-01-30 11:39:00.582 [info] Got 1 sessions for ...
2026-01-30 11:39:00.588 [info] Getting sessions for read:user,repo,user:email,workflow...
2026-01-30 11:39:00.588 [info] Got 1 sessions for read:user,repo,user:email,workflow...
2026-01-30 11:39:00.729 [info] Getting sessions for all scopes...
2026-01-30 11:39:00.729 [info] Got 1 sessions for ...
2026-01-30 11:39:00.748 [info] Getting sessions for all scopes...
2026-01-30 11:39:00.748 [info] Got 1 sessions for ...
2026-01-30 11:39:00.749 [info] Getting sessions for all scopes...
2026-01-30 11:39:00.749 [info] Got 1 sessions for ...
2026-01-30 11:39:00.766 [info] Getting sessions for all scopes...
2026-01-30 11:39:00.767 [info] Got 1 sessions for ...
2026-01-30 11:39:00.783 [info] Getting sessions for read:user,repo,user:email,workflow...
2026-01-30 11:39:00.783 [info] Got 1 sessions for read:user,repo,user:email,workflow...
2026-01-30 11:39:01.349 [info] Getting sessions for all scopes...
2026-01-30 11:39:01.350 [info] Got 1 sessions for ...
2026-01-30 11:39:01.353 [info] Getting sessions for read:user,repo,user:email,workflow...
2026-01-30 11:39:01.353 [info] Got 1 sessions for read:user,repo,user:email,workflow...
2026-01-30 11:44:31.180 [info] Getting sessions for user:email...
2026-01-30 11:44:31.180 [info] Got 0 sessions for user:email...
2026-01-30 11:44:36.353 [info] Logging in with 'any' account...
2026-01-30 11:44:36.353 [info] Logging in for the following scopes: user:email
2026-01-30 11:44:36.360 [info] Trying with local server... (user:email)
2026-01-30 11:44:42.082 [info] Exchanging code for token...
2026-01-30 11:44:43.068 [info] Token exchange success!
2026-01-30 11:44:43.069 [info] Getting user info...
2026-01-30 11:44:43.500 [info] Got account info!
2026-01-30 11:44:43.501 [info] Storing 2 sessions...
2026-01-30 11:44:43.507 [info] Reading sessions from keychain...
2026-01-30 11:44:43.507 [info] Stored 2 sessions!
2026-01-30 11:44:43.507 [info] Login success!
2026-01-30 11:44:43.508 [info] Getting sessions for all scopes...
2026-01-30 11:44:43.510 [info] Got stored sessions!
2026-01-30 11:44:43.510 [info] Got 2 verified sessions.
2026-01-30 11:44:43.510 [info] Got 2 sessions for ...
2026-01-30 11:44:43.510 [info] Getting sessions for all scopes...
2026-01-30 11:44:43.510 [info] Got 2 sessions for ...
2026-01-30 11:44:43.510 [info] Getting sessions for user:email...
2026-01-30 11:44:43.510 [info] Got 1 sessions for user:email...
2026-01-30 11:44:43.511 [info] Getting sessions for all scopes...
2026-01-30 11:44:43.511 [info] Got 2 sessions for ...
2026-01-30 11:44:43.513 [info] Getting sessions for all scopes...
2026-01-30 11:44:43.513 [info] Got 2 sessions for ...
2026-01-30 11:44:43.513 [info] Getting sessions for all scopes...
2026-01-30 11:44:43.513 [info] Got 2 sessions for ...
2026-01-30 11:44:43.516 [info] Getting sessions for read:user,repo,user:email,workflow...
2026-01-30 11:44:43.516 [info] Got 1 sessions for read:user,repo,user:email,workflow...
2026-01-30 11:49:24.405 [info] Getting sessions for read:user,repo,user:email,workflow...
2026-01-30 11:49:24.405 [info] Got 1 sessions for read:user,repo,user:email,workflow...
2026-01-30 11:49:26.606 [info] Getting sessions for all scopes...
2026-01-30 11:49:26.606 [info] Got 2 sessions for ...
2026-01-30 11:49:29.346 [info] Getting sessions for all scopes...
2026-01-30 11:49:29.346 [info] Got 2 sessions for ...
2026-01-30 11:49:29.348 [info] Getting sessions for user:email...
2026-01-30 11:49:29.348 [info] Got 1 sessions for user:email...
2026-01-30 11:49:29.348 [info] Getting sessions for all scopes...
2026-01-30 11:49:29.348 [info] Got 2 sessions for ...
2026-01-30 11:49:29.348 [info] Getting sessions for all scopes...
2026-01-30 11:49:29.348 [info] Got 2 sessions for ...
2026-01-30 11:49:29.348 [info] Getting sessions for user:email...
2026-01-30 11:49:29.348 [info] Got 1 sessions for user:email...
2026-01-30 11:49:29.348 [info] Getting sessions for all scopes...
2026-01-30 11:49:29.348 [info] Got 2 sessions for ...
2026-01-30 11:49:29.395 [info] Getting sessions for all scopes...
2026-01-30 11:49:29.395 [info] Got 2 sessions for ...
2026-01-30 11:49:29.396 [info] Getting sessions for all scopes...
2026-01-30 11:49:29.396 [info] Got 2 sessions for ...
2026-01-30 11:49:29.396 [info] Getting sessions for all scopes...
2026-01-30 11:49:29.396 [info] Got 2 sessions for ...
2026-01-30 11:49:29.397 [info] Getting sessions for all scopes...
2026-01-30 11:49:29.397 [info] Got 2 sessions for ...
2026-01-30 11:49:29.399 [info] Getting sessions for read:user,repo,user:email,workflow...
2026-01-30 11:49:29.399 [info] Got 1 sessions for read:user,repo,user:email,workflow...
2026-01-30 11:50:54.227 [info] Reading sessions from keychain...
2026-01-30 11:50:54.227 [info] Getting sessions for all scopes...
2026-01-30 11:50:54.483 [info] Got stored sessions!
2026-01-30 11:50:54.483 [info] Got 2 verified sessions.
2026-01-30 11:50:54.483 [info] Got 2 sessions for ...
2026-01-30 11:50:54.483 [info] Getting sessions for all scopes...
2026-01-30 11:50:54.483 [info] Got 2 sessions for ...
2026-01-30 11:50:54.483 [info] Getting sessions for all scopes...
2026-01-30 11:50:54.483 [info] Got 2 sessions for ...
2026-01-30 11:50:54.483 [info] Getting sessions for all scopes...
2026-01-30 11:50:54.483 [info] Got 2 sessions for ...
2026-01-30 11:50:54.483 [info] Getting sessions for all scopes...
2026-01-30 11:50:54.483 [info] Got 2 sessions for ...
2026-01-30 11:50:54.483 [info] Getting sessions for all scopes...
2026-01-30 11:50:54.483 [info] Got 2 sessions for ...
2026-01-30 11:50:54.483 [info] Getting sessions for all scopes...
2026-01-30 11:50:54.483 [info] Got 2 sessions for ...
2026-01-30 11:50:54.483 [info] Getting sessions for all scopes...
2026-01-30 11:50:54.483 [info] Got 2 sessions for ...
2026-01-30 11:50:54.514 [info] Getting sessions for all scopes...
2026-01-30 11:50:54.514 [info] Got 2 sessions for ...
2026-01-30 11:50:54.514 [info] Getting sessions for all scopes...
2026-01-30 11:50:54.514 [info] Got 2 sessions for ...
2026-01-30 11:50:54.571 [info] Getting sessions for all scopes...
2026-01-30 11:50:54.571 [info] Got 2 sessions for ...
2026-01-30 11:50:54.572 [info] Getting sessions for all scopes...
2026-01-30 11:50:54.572 [info] Got 2 sessions for ...
2026-01-30 11:50:54.572 [info] Getting sessions for all scopes...
2026-01-30 11:50:54.572 [info] Got 2 sessions for ...
2026-01-30 11:50:54.572 [info] Getting sessions for all scopes...
2026-01-30 11:50:54.572 [info] Got 2 sessions for ...
2026-01-30 11:50:54.572 [info] Getting sessions for all scopes...
2026-01-30 11:50:54.572 [info] Got 2 sessions for ...
2026-01-30 11:50:54.573 [info] Getting sessions for all scopes...
2026-01-30 11:50:54.573 [info] Got 2 sessions for ...
2026-01-30 11:50:54.922 [info] Getting sessions for user:email...
2026-01-30 11:50:54.922 [info] Got 1 sessions for user:email...
2026-01-30 11:50:55.920 [info] Getting sessions for all scopes...
2026-01-30 11:50:55.920 [info] Got 2 sessions for ...
2026-01-30 11:50:56.289 [info] FetcherService: Electron fetch failed with status: 429 
2026-01-30 11:50:56.293 [info] Unable to resolve optional EDU details. Status: 429 
2026-01-30 11:51:00.840 [info] Getting sessions for all scopes...
2026-01-30 11:51:00.841 [info] Got 2 sessions for ...
2026-01-30 11:51:00.841 [info] Getting sessions for all scopes...
2026-01-30 11:51:00.841 [info] Got 2 sessions for ...
2026-01-30 11:51:01.286 [info] Getting sessions for all scopes...
2026-01-30 11:51:01.286 [info] Got 2 sessions for ...
2026-01-30 11:51:01.544 [info] Getting sessions for read:user,repo,user:email,workflow...
2026-01-30 11:51:01.544 [info] Got 1 sessions for read:user,repo,user:email,workflow...
2026-01-30 11:51:01.768 [info] Getting sessions for user:email...
2026-01-30 11:51:01.768 [info] Got 1 sessions for user:email...
2026-01-30 11:51:01.839 [info] Getting sessions for read:user,repo,user:email,workflow...
2026-01-30 11:51:01.839 [info] Got 1 sessions for read:user,repo,user:email,workflow...
2026-01-30 11:51:01.900 [info] Getting sessions for all scopes...
2026-01-30 11:51:01.900 [info] Got 2 sessions for ...
2026-01-30 11:51:01.970 [info] Getting sessions for read:user,repo,user:email,workflow...
2026-01-30 11:51:01.970 [info] Got 1 sessions for read:user,repo,user:email,workflow...
2026-01-30 11:51:02.969 [info] Getting sessions for all scopes...
2026-01-30 11:51:02.969 [info] Got 2 sessions for ...
2026-01-30 11:51:02.970 [info] Getting sessions for all scopes...
2026-01-30 11:51:02.970 [info] Got 2 sessions for ...
2026-01-30 11:51:03.098 [info] Getting sessions for read:user,repo,user:email,workflow...
2026-01-30 11:51:03.098 [info] Got 1 sessions for read:user,repo,user:email,workflow...
2026-01-30 11:51:03.327 [info] Getting sessions for all scopes...
2026-01-30 11:51:03.327 [info] Got 2 sessions for ...
2026-01-30 11:51:03.342 [info] Getting sessions for all scopes...
2026-01-30 11:51:03.342 [info] Got 2 sessions for ...
2026-01-30 11:51:03.342 [info] Getting sessions for all scopes...
2026-01-30 11:51:03.342 [info] Got 2 sessions for ...
2026-01-30 11:51:03.343 [info] Getting sessions for all scopes...
2026-01-30 11:51:03.344 [info] Got 2 sessions for ...
2026-01-30 11:51:03.450 [info] Getting sessions for read:user,repo,user:email,workflow...
2026-01-30 11:51:03.450 [info] Got 1 sessions for read:user,repo,user:email,workflow...
2026-01-30 11:51:04.214 [info] Getting sessions for all scopes...
2026-01-30 11:51:04.214 [info] Got 2 sessions for ...
2026-01-30 11:51:04.249 [info] Getting sessions for read:user,repo,user:email,workflow...
2026-01-30 11:51:04.249 [info] Got 1 sessions for read:user,repo,user:email,workflow...
2026-01-30 11:54:05.625 [info] Getting sessions for all scopes...
2026-01-30 11:54:05.625 [info] Got 2 sessions for ...
2026-01-30 11:54:05.632 [info] Getting sessions for read:user,repo,user:email,workflow...
2026-01-30 11:54:05.632 [info] Got 1 sessions for read:user,repo,user:email,workflow...
