2026-01-30 12:15:19.592 [info] Reading sessions from keychain...
2026-01-30 12:15:19.592 [info] Getting sessions for all scopes...
2026-01-30 12:15:19.592 [info] Got stored sessions!
2026-01-30 12:15:19.592 [info] Got 2 verified sessions.
2026-01-30 12:15:19.592 [info] Got 2 sessions for ...
2026-01-30 12:15:19.592 [info] Getting sessions for all scopes...
2026-01-30 12:15:19.592 [info] Got 2 sessions for ...
2026-01-30 12:15:19.592 [info] Getting sessions for all scopes...
2026-01-30 12:15:19.592 [info] Got 2 sessions for ...
2026-01-30 12:15:19.592 [info] Getting sessions for all scopes...
2026-01-30 12:15:19.592 [info] Got 2 sessions for ...
2026-01-30 12:15:19.592 [info] Getting sessions for all scopes...
2026-01-30 12:15:19.592 [info] Got 2 sessions for ...
2026-01-30 12:15:19.592 [info] Getting sessions for user:email...
2026-01-30 12:15:19.592 [info] Got 1 sessions for user:email...
2026-01-30 12:15:19.592 [info] Getting sessions for all scopes...
2026-01-30 12:15:19.592 [info] Got 2 sessions for ...
2026-01-30 12:15:19.592 [info] Getting sessions for all scopes...
2026-01-30 12:15:19.592 [info] Got 2 sessions for ...
2026-01-30 12:15:19.592 [info] Getting sessions for all scopes...
2026-01-30 12:15:19.592 [info] Got 2 sessions for ...
2026-01-30 12:15:19.592 [info] Getting sessions for all scopes...
2026-01-30 12:15:19.592 [info] Got 2 sessions for ...
2026-01-30 12:15:19.592 [info] Getting sessions for all scopes...
2026-01-30 12:15:19.592 [info] Got 2 sessions for ...
2026-01-30 12:15:19.592 [info] Getting sessions for all scopes...
2026-01-30 12:15:19.592 [info] Got 2 sessions for ...
2026-01-30 12:15:19.592 [info] Getting sessions for all scopes...
2026-01-30 12:15:19.592 [info] Got 2 sessions for ...
2026-01-30 12:15:19.592 [info] Getting sessions for all scopes...
2026-01-30 12:15:19.592 [info] Got 2 sessions for ...
2026-01-30 12:15:19.592 [info] Getting sessions for all scopes...
2026-01-30 12:15:19.592 [info] Got 2 sessions for ...
2026-01-30 12:15:19.592 [info] Getting sessions for all scopes...
2026-01-30 12:15:19.592 [info] Got 2 sessions for ...
2026-01-30 12:15:19.592 [info] Getting sessions for all scopes...
2026-01-30 12:15:19.592 [info] Got 2 sessions for ...
2026-01-30 12:15:19.592 [info] Getting sessions for all scopes...
2026-01-30 12:15:19.592 [info] Got 2 sessions for ...
2026-01-30 12:15:19.592 [info] Getting sessions for all scopes...
2026-01-30 12:15:19.592 [info] Got 2 sessions for ...
2026-01-30 12:15:19.592 [info] Getting sessions for all scopes...
2026-01-30 12:15:19.592 [info] Got 2 sessions for ...
2026-01-30 12:15:19.592 [info] Getting sessions for read:user,repo,user:email,workflow...
2026-01-30 12:15:19.592 [info] Got 1 sessions for read:user,repo,user:email,workflow...
2026-01-30 12:15:19.964 [info] Getting sessions for all scopes...
2026-01-30 12:15:19.964 [info] Got 2 sessions for ...
2026-01-30 12:15:19.964 [info] Getting sessions for all scopes...
2026-01-30 12:15:19.964 [info] Got 2 sessions for ...
2026-01-30 12:15:19.965 [info] Getting sessions for all scopes...
2026-01-30 12:15:19.965 [info] Got 2 sessions for ...
2026-01-30 12:15:20.019 [info] Getting sessions for user:email...
2026-01-30 12:15:20.019 [info] Got 1 sessions for user:email...
2026-01-30 12:15:20.124 [info] Getting sessions for read:user,repo,user:email,workflow...
2026-01-30 12:15:20.124 [info] Got 1 sessions for read:user,repo,user:email,workflow...
2026-01-30 12:15:20.127 [info] FetcherService: Electron fetch failed with status: 429 
2026-01-30 12:15:20.130 [info] Unable to resolve optional EDU details. Status: 429 
2026-01-30 12:15:20.196 [info] Getting sessions for read:user,repo,user:email,workflow...
2026-01-30 12:15:20.196 [info] Got 1 sessions for read:user,repo,user:email,workflow...
2026-01-30 12:15:20.981 [info] Getting sessions for all scopes...
2026-01-30 12:15:20.981 [info] Got 2 sessions for ...
2026-01-30 12:15:20.981 [info] Getting sessions for all scopes...
2026-01-30 12:15:20.981 [info] Got 2 sessions for ...
2026-01-30 12:15:21.014 [info] Getting sessions for read:user,repo,user:email,workflow...
2026-01-30 12:15:21.014 [info] Got 1 sessions for read:user,repo,user:email,workflow...
2026-01-30 12:15:21.350 [info] Getting sessions for all scopes...
2026-01-30 12:15:21.350 [info] Got 2 sessions for ...
2026-01-30 12:15:21.362 [info] Getting sessions for all scopes...
2026-01-30 12:15:21.362 [info] Got 2 sessions for ...
2026-01-30 12:15:21.362 [info] Getting sessions for all scopes...
2026-01-30 12:15:21.362 [info] Got 2 sessions for ...
2026-01-30 12:15:21.666 [info] Getting sessions for all scopes...
2026-01-30 12:15:21.666 [info] Got 2 sessions for ...
2026-01-30 12:15:22.202 [info] Getting sessions for read:user,repo,user:email,workflow...
2026-01-30 12:15:22.202 [info] Got 1 sessions for read:user,repo,user:email,workflow...
2026-01-30 12:15:22.289 [info] Getting sessions for all scopes...
2026-01-30 12:15:22.289 [info] Got 2 sessions for ...
2026-01-30 12:15:22.297 [info] Getting sessions for read:user,repo,user:email,workflow...
2026-01-30 12:15:22.297 [info] Got 1 sessions for read:user,repo,user:email,workflow...
2026-01-30 12:17:49.624 [info] Getting sessions for all scopes...
2026-01-30 12:17:49.624 [info] Got 2 sessions for ...
2026-01-30 12:17:49.634 [info] Getting sessions for read:user,repo,user:email,workflow...
2026-01-30 12:17:49.634 [info] Got 1 sessions for read:user,repo,user:email,workflow...
2026-01-30 12:40:17.928 [info] Getting sessions for all scopes...
2026-01-30 12:40:17.928 [info] Got 2 sessions for ...
2026-01-30 12:40:17.934 [info] Getting sessions for read:user,repo,user:email,workflow...
2026-01-30 12:40:17.934 [info] Got 1 sessions for read:user,repo,user:email,workflow...
2026-01-30 12:50:17.927 [info] Getting sessions for all scopes...
2026-01-30 12:50:17.927 [info] Got 2 sessions for ...
2026-01-30 12:50:17.934 [info] Getting sessions for read:user,repo,user:email,workflow...
2026-01-30 12:50:17.934 [info] Got 1 sessions for read:user,repo,user:email,workflow...
